07:39:42 **** Incremental Build of configuration Debug for project pattern printing numbers ****
Info: Internal Builder is used for build
gcc -O0 -g3 -Wall -c -fmessage-length=0 -o "src\\pattern printing numbers.o" "..\\src\\pattern printing numbers.c" 
..\src\pattern printing numbers.c: In function 'main':
..\src\pattern printing numbers.c:25:4: error: 'else' without a previous 'if'
..\src\pattern printing numbers.c:29:2: error: expected ';' before '}' token
..\src\pattern printing numbers.c: At top level:
..\src\pattern printing numbers.c:30:2: error: expected identifier or '(' before 'return'
..\src\pattern printing numbers.c:31:1: error: expected identifier or '(' before '}' token
..\src\pattern printing numbers.c: In function 'main':
..\src\pattern printing numbers.c:29:2: warning: control reaches end of non-void function

07:39:42 Build Failed. 4 errors, 1 warnings. (took 93ms)

